<?xml version="1.0" encoding="UTF-8"?>
<!-- Generated by org.testng.reporters.JUnitReportReporter -->
<testsuite hostname="DESKTOP-S00FQBA" failures="0" tests="1" name="org.example.AppTest" time="0.004" errors="0" timestamp="2023-12-13T23:39:46 MSK" skipped="0">
  <testcase classname="org.example.AppTest" name="shouldAnswerWithTrue" time="0.004"/>
</testsuite> <!-- org.example.AppTest -->
