<?xml version="1.0" encoding="UTF-8"?>
<testsuite xmlns:xsi="http://www.w3.org/2001/XMLSchema-instance" xsi:noNamespaceSchemaLocation="https://maven.apache.org/surefire/maven-surefire-plugin/xsd/surefire-test-report-3.0.xsd" version="3.0" name="org.example.TestHomePage" time="0.351" tests="1" errors="0" skipped="0" failures="0">
  <properties>
    <property name="java.specification.version" value="21"/>
    <property name="sun.cpu.isalist" value="amd64"/>
    <property name="sun.jnu.encoding" value="Cp1251"/>
    <property name="java.class.path" value="C:\Users\dds-9\IdeaProjects\AQA Aston\untitled\target\test-classes;C:\Users\dds-9\IdeaProjects\AQA Aston\untitled\target\classes;C:\Users\dds-9\.m2\repository\org\apache\wicket\wicket\1.3.2\wicket-1.3.2.jar;C:\Users\dds-9\.m2\repository\org\slf4j\slf4j-api\1.4.2\slf4j-api-1.4.2.jar;C:\Users\dds-9\.m2\repository\org\slf4j\slf4j-log4j12\1.4.2\slf4j-log4j12-1.4.2.jar;C:\Users\dds-9\.m2\repository\log4j\log4j\1.2.14\log4j-1.2.14.jar;C:\Users\dds-9\.m2\repository\junit\junit\3.8.2\junit-3.8.2.jar;C:\Users\dds-9\.m2\repository\org\mortbay\jetty\jetty\6.1.4\jetty-6.1.4.jar;C:\Users\dds-9\.m2\repository\org\mortbay\jetty\servlet-api-2.5\6.1.4\servlet-api-2.5-6.1.4.jar;C:\Users\dds-9\.m2\repository\org\mortbay\jetty\jetty-util\6.1.4\jetty-util-6.1.4.jar;C:\Users\dds-9\.m2\repository\org\mortbay\jetty\jetty-management\6.1.4\jetty-management-6.1.4.jar;C:\Users\dds-9\.m2\repository\mx4j\mx4j\3.0.1\mx4j-3.0.1.jar;C:\Users\dds-9\.m2\repository\mx4j\mx4j-tools\3.0.1\mx4j-tools-3.0.1.jar;"/>
    <property name="java.vm.vendor" value="Oracle Corporation"/>
    <property name="sun.arch.data.model" value="64"/>
    <property name="user.variant" value=""/>
    <property name="java.vendor.url" value="https://java.oracle.com/"/>
    <property name="user.timezone" value="Europe/Moscow"/>
    <property name="user.country.format" value="BY"/>
    <property name="os.name" value="Windows 10"/>
    <property name="java.vm.specification.version" value="21"/>
    <property name="sun.java.launcher" value="SUN_STANDARD"/>
    <property name="user.country" value="RU"/>
    <property name="sun.boot.library.path" value="C:\Program Files\Java\jdk-21\bin"/>
    <property name="sun.java.command" value="C:\Users\dds-9\AppData\Local\Temp\surefire8141178160872297787\surefirebooter-20231213224824979_3.jar C:\Users\dds-9\AppData\Local\Temp\surefire8141178160872297787 2023-12-13T22-48-24_385-jvmRun1 surefire-20231213224824979_1tmp surefire_0-20231213224824979_2tmp"/>
    <property name="jdk.debug" value="release"/>
    <property name="surefire.test.class.path" value="C:\Users\dds-9\IdeaProjects\AQA Aston\untitled\target\test-classes;C:\Users\dds-9\IdeaProjects\AQA Aston\untitled\target\classes;C:\Users\dds-9\.m2\repository\org\apache\wicket\wicket\1.3.2\wicket-1.3.2.jar;C:\Users\dds-9\.m2\repository\org\slf4j\slf4j-api\1.4.2\slf4j-api-1.4.2.jar;C:\Users\dds-9\.m2\repository\org\slf4j\slf4j-log4j12\1.4.2\slf4j-log4j12-1.4.2.jar;C:\Users\dds-9\.m2\repository\log4j\log4j\1.2.14\log4j-1.2.14.jar;C:\Users\dds-9\.m2\repository\junit\junit\3.8.2\junit-3.8.2.jar;C:\Users\dds-9\.m2\repository\org\mortbay\jetty\jetty\6.1.4\jetty-6.1.4.jar;C:\Users\dds-9\.m2\repository\org\mortbay\jetty\servlet-api-2.5\6.1.4\servlet-api-2.5-6.1.4.jar;C:\Users\dds-9\.m2\repository\org\mortbay\jetty\jetty-util\6.1.4\jetty-util-6.1.4.jar;C:\Users\dds-9\.m2\repository\org\mortbay\jetty\jetty-management\6.1.4\jetty-management-6.1.4.jar;C:\Users\dds-9\.m2\repository\mx4j\mx4j\3.0.1\mx4j-3.0.1.jar;C:\Users\dds-9\.m2\repository\mx4j\mx4j-tools\3.0.1\mx4j-tools-3.0.1.jar;"/>
    <property name="sun.cpu.endian" value="little"/>
    <property name="user.home" value="C:\Users\dds-9"/>
    <property name="user.language" value="ru"/>
    <property name="java.specification.vendor" value="Oracle Corporation"/>
    <property name="java.version.date" value="2023-10-17"/>
    <property name="java.home" value="C:\Program Files\Java\jdk-21"/>
    <property name="file.separator" value="\"/>
    <property name="basedir" value="C:\Users\dds-9\IdeaProjects\AQA Aston\untitled"/>
    <property name="java.vm.compressedOopsMode" value="32-bit"/>
    <property name="line.separator" value="&#10;"/>
    <property name="java.vm.specification.vendor" value="Oracle Corporation"/>
    <property name="java.specification.name" value="Java Platform API Specification"/>
    <property name="surefire.real.class.path" value="C:\Users\dds-9\AppData\Local\Temp\surefire8141178160872297787\surefirebooter-20231213224824979_3.jar"/>
    <property name="user.script" value=""/>
    <property name="sun.management.compiler" value="HotSpot 64-Bit Tiered Compilers"/>
    <property name="java.runtime.version" value="21.0.1+12-LTS-29"/>
    <property name="user.name" value="dralow"/>
    <property name="stdout.encoding" value="Cp1251"/>
    <property name="path.separator" value=";"/>
    <property name="os.version" value="10.0"/>
    <property name="java.runtime.name" value="Java(TM) SE Runtime Environment"/>
    <property name="file.encoding" value="UTF-8"/>
    <property name="java.vm.name" value="Java HotSpot(TM) 64-Bit Server VM"/>
    <property name="localRepository" value="C:\Users\dds-9\.m2\repository"/>
    <property name="java.vendor.url.bug" value="https://bugreport.java.com/bugreport/"/>
    <property name="java.io.tmpdir" value="C:\Users\dds-9\AppData\Local\Temp\"/>
    <property name="java.version" value="21.0.1"/>
    <property name="user.dir" value="C:\Users\dds-9\IdeaProjects\AQA Aston\untitled"/>
    <property name="os.arch" value="amd64"/>
    <property name="java.vm.specification.name" value="Java Virtual Machine Specification"/>
    <property name="sun.os.patch.level" value=""/>
    <property name="native.encoding" value="Cp1251"/>
    <property name="java.library.path" value="C:\Program Files\Java\jdk-21\bin;C:\WINDOWS\Sun\Java\bin;C:\WINDOWS\system32;C:\WINDOWS;C:\Program Files\Common Files\Oracle\Java\javapath;C:\Windows\system32;C:\Windows;C:\Windows\System32\Wbem;C:\Windows\System32\WindowsPowerShell\v1.0\;C:\Windows\System32\OpenSSH\;C:\Program Files\NVIDIA Corporation\NVIDIA NvDLISR;C:\Program Files (x86)\NVIDIA Corporation\PhysX\Common;C:\WINDOWS\system32;C:\WINDOWS;C:\WINDOWS\System32\Wbem;C:\WINDOWS\System32\WindowsPowerShell\v1.0\;C:\WINDOWS\System32\OpenSSH\;C:\Program Files\dotnet\;C:\Program Files\Git\cmd;C:\Users\dds-9\programms\maven\apache-maven-3.9.6\bin;C:\Program Files\Java;;."/>
    <property name="java.vm.info" value="mixed mode, sharing"/>
    <property name="stderr.encoding" value="Cp1251"/>
    <property name="java.vendor" value="Oracle Corporation"/>
    <property name="java.vm.version" value="21.0.1+12-LTS-29"/>
    <property name="sun.io.unicode.encoding" value="UnicodeLittle"/>
    <property name="java.class.version" value="65.0"/>
  </properties>
  <testcase name="testRenderMyPage" classname="org.example.TestHomePage" time="0.336">
    <system-out><![CDATA[INFO  - Application                - [WicketTester$DummyWebApplication] init: Wicket core library initializer
INFO  - RequestListenerInterface   - registered listener interface [RequestListenerInterface name=IBehaviorListener, method=public abstract void org.apache.wicket.behavior.IBehaviorListener.onRequest()]
INFO  - RequestListenerInterface   - registered listener interface [RequestListenerInterface name=IBehaviorListener, method=public abstract void org.apache.wicket.behavior.IBehaviorListener.onRequest()]
INFO  - RequestListenerInterface   - registered listener interface [RequestListenerInterface name=IFormSubmitListener, method=public abstract void org.apache.wicket.markup.html.form.IFormSubmitListener.onFormSubmitted()]
INFO  - RequestListenerInterface   - registered listener interface [RequestListenerInterface name=IFormSubmitListener, method=public abstract void org.apache.wicket.markup.html.form.IFormSubmitListener.onFormSubmitted()]
INFO  - RequestListenerInterface   - registered listener interface [RequestListenerInterface name=ILinkListener, method=public abstract void org.apache.wicket.markup.html.link.ILinkListener.onLinkClicked()]
INFO  - RequestListenerInterface   - registered listener interface [RequestListenerInterface name=ILinkListener, method=public abstract void org.apache.wicket.markup.html.link.ILinkListener.onLinkClicked()]
INFO  - RequestListenerInterface   - registered listener interface [RequestListenerInterface name=IOnChangeListener, method=public abstract void org.apache.wicket.markup.html.form.IOnChangeListener.onSelectionChanged()]
INFO  - RequestListenerInterface   - registered listener interface [RequestListenerInterface name=IOnChangeListener, method=public abstract void org.apache.wicket.markup.html.form.IOnChangeListener.onSelectionChanged()]
INFO  - RequestListenerInterface   - registered listener interface [RequestListenerInterface name=IRedirectListener, method=public abstract void org.apache.wicket.IRedirectListener.onRedirect()]
INFO  - RequestListenerInterface   - registered listener interface [RequestListenerInterface name=IRedirectListener, method=public abstract void org.apache.wicket.IRedirectListener.onRedirect()]
INFO  - RequestListenerInterface   - registered listener interface [RequestListenerInterface name=IResourceListener, method=public abstract void org.apache.wicket.IResourceListener.onResourceRequested()]
INFO  - RequestListenerInterface   - registered listener interface [RequestListenerInterface name=IResourceListener, method=public abstract void org.apache.wicket.IResourceListener.onResourceRequested()]
INFO  - WebApplication             - [WicketTester$DummyWebApplication] Started Wicket version 1.3.2 in development mode
]]></system-out>
  </testcase>
</testsuite>